**************************
| Car Number | Time (s)  |
**************************
|     10     |   9.931   |
++++++++++++++++++++++++++
|      9     |  10.005   |
++++++++++++++++++++++++++
|      2     |  10.178   |
++++++++++++++++++++++++++
|     12     |  10.256   |
++++++++++++++++++++++++++
|     23     |  10.274   |
++++++++++++++++++++++++++
|     19     |  10.281   |
++++++++++++++++++++++++++
|     13     |  10.355   |
++++++++++++++++++++++++++
|      3     |  10.386   |
++++++++++++++++++++++++++
|      6     |  10.430   |
++++++++++++++++++++++++++
|      5     |  10.506   |
++++++++++++++++++++++++++
|      1     |  10.657   |
++++++++++++++++++++++++++
|      7     |  10.680   |
++++++++++++++++++++++++++
|     21     |  10.835   |
++++++++++++++++++++++++++
|     17     |  11.017   |
++++++++++++++++++++++++++
|     20     |  11.020   |
++++++++++++++++++++++++++
|     16     |  11.160   |
++++++++++++++++++++++++++
|     11     |  11.188   |
++++++++++++++++++++++++++
|     24     |  11.356   |
++++++++++++++++++++++++++
|     25     |  11.673   |
++++++++++++++++++++++++++
|     18     |  11.728   |
++++++++++++++++++++++++++
|      8     |  11.765   |
++++++++++++++++++++++++++
|     15     |  11.821   |
++++++++++++++++++++++++++
|     14     |  12.713   |
++++++++++++++++++++++++++
|     22     |  16.326   |
++++++++++++++++++++++++++
|      4     |  28.500   |
++++++++++++++++++++++++++
